2023-09-25 08:21:54.525 | INFO     | __main__:main:213 - Connected to the camera.
2023-09-25 08:24:57.445 | INFO     | __main__:save_image:182 - Saved image to camera_web/static/images/frames/52413eb6-9a8a-42ff-8845-e0f4a9b2727d.jpg
2023-09-25 08:24:57.580 | INFO     | __main__:recognize_face:105 - Face ID 1 is verified as a new person.
2023-09-25 08:24:57.923 | INFO     | __main__:save_image:182 - Saved image to camera_web/static/images/frames/ce95c99f-5ad1-4d48-a918-fb26c84d1b34.jpg
2023-09-25 08:25:08.020 | INFO     | __main__:recognize_face:105 - Face ID 2 is verified as a new person.
2023-09-25 08:25:08.391 | INFO     | __main__:save_image:182 - Saved image to camera_web/static/images/frames/af708609-2f12-43f1-9747-fd56e949e074.jpg
2023-09-25 08:25:20.577 | INFO     | __main__:recognize_face:99 - Face ID 2 is verified as the same person.
2023-09-25 08:25:20.941 | INFO     | __main__:save_image:182 - Saved image to camera_web/static/images/frames/bd4d0c7e-0583-4cb0-9bff-322a594aaa51.jpg
2023-09-25 08:25:30.463 | INFO     | __main__:recognize_face:99 - Face ID 1 is verified as the same person.
2023-09-25 08:25:30.839 | INFO     | __main__:save_image:182 - Saved image to camera_web/static/images/frames/f8db7231-7766-4b52-8424-b6efbd938c6c.jpg
2023-09-25 08:25:47.439 | INFO     | __main__:recognize_face:105 - Face ID 3 is verified as a new person.
2023-09-25 08:25:47.832 | INFO     | __main__:save_image:182 - Saved image to camera_web/static/images/frames/03dc9ea1-8eab-49e4-81c4-999ce88dced4.jpg
2023-09-25 08:26:07.152 | INFO     | __main__:recognize_face:99 - Face ID 2 is verified as the same person.
2023-09-25 08:26:07.588 | INFO     | __main__:save_image:182 - Saved image to camera_web/static/images/frames/c144d195-a7b5-41c0-ae46-9fb3d7483503.jpg
2023-09-25 08:26:29.494 | INFO     | __main__:recognize_face:99 - Face ID 2 is verified as the same person.
2023-09-25 08:26:29.910 | INFO     | __main__:save_image:182 - Saved image to camera_web/static/images/frames/47677ca4-42f7-4e82-b1da-2038ecda7da0.jpg
2023-09-25 08:26:53.050 | INFO     | __main__:recognize_face:99 - Face ID 2 is verified as the same person.
2023-09-25 08:26:53.443 | INFO     | __main__:save_image:182 - Saved image to camera_web/static/images/frames/c1f567e2-a6e1-4c4c-876c-73155aedd2a0.jpg
2023-09-25 08:27:19.876 | INFO     | __main__:recognize_face:99 - Face ID 2 is verified as the same person.
2023-09-25 08:28:23.333 | INFO     | __main__:save_image:182 - Saved image to camera_web/static/images/frames/63ccfa54-ff91-4f54-b827-a9947db88337.jpg
2023-09-25 08:28:50.351 | INFO     | __main__:recognize_face:105 - Face ID 4 is verified as a new person.
2023-09-25 08:28:50.773 | INFO     | __main__:save_image:182 - Saved image to camera_web/static/images/frames/7f2739f0-f246-429b-a818-a5423ea36dd6.jpg
2023-09-25 08:29:21.533 | INFO     | __main__:recognize_face:105 - Face ID 5 is verified as a new person.
2023-09-25 08:29:21.945 | INFO     | __main__:save_image:182 - Saved image to camera_web/static/images/frames/be459345-bd61-4390-af1b-a522706effe2.jpg
2023-09-25 08:29:39.432 | INFO     | __main__:recognize_face:99 - Face ID 5 is verified as the same person.
2023-09-25 08:29:41.702 | INFO     | __main__:save_image:182 - Saved image to camera_web/static/images/frames/2dc5a8c6-c87f-4f2f-84aa-2444ed664eff.jpg
2023-09-25 08:30:01.733 | INFO     | __main__:recognize_face:99 - Face ID 5 is verified as the same person.
2023-09-25 08:30:02.144 | INFO     | __main__:save_image:182 - Saved image to camera_web/static/images/frames/917c870d-eea8-459c-95d8-4cb662587de7.jpg
2023-09-25 08:30:11.950 | INFO     | __main__:recognize_face:99 - Face ID 4 is verified as the same person.
2023-09-25 08:30:12.318 | INFO     | __main__:save_image:182 - Saved image to camera_web/static/images/frames/6dbf8c6e-6dfd-4801-8453-ba5d9e9a2d0e.jpg
2023-09-25 08:30:36.937 | INFO     | __main__:recognize_face:99 - Face ID 5 is verified as the same person.
2023-09-25 08:31:57.846 | INFO     | __main__:save_image:182 - Saved image to camera_web/static/images/frames/3de2749a-284a-4592-82aa-e3690a8bbe4e.jpg
2023-09-25 08:32:11.006 | INFO     | __main__:recognize_face:99 - Face ID 4 is verified as the same person.
2023-09-25 08:35:04.183 | ERROR    | __main__:main:221 - Failed to capture frame.
2023-09-25 08:35:40.172 | ERROR    | __main__:main:221 - Failed to capture frame.
2023-09-25 08:35:40.174 | ERROR    | __main__:main:221 - Failed to capture frame.
2023-09-25 08:35:44.486 | ERROR    | __main__:main:221 - Failed to capture frame.
2023-09-25 08:36:44.431 | INFO     | __main__:save_image:182 - Saved image to camera_web/static/images/frames/859ff736-9b50-4cdd-bb8a-7aa27d083789.jpg
2023-09-25 08:37:18.520 | INFO     | __main__:recognize_face:99 - Face ID 3 is verified as the same person.
2023-09-25 08:37:18.889 | INFO     | __main__:save_image:182 - Saved image to camera_web/static/images/frames/97f59640-b74c-44a3-919f-d930c0be0294.jpg
